E:\WYNN\BAIDUYUN\百度云同步盘\实验室电脑\陈鑫\CX材料\YUVVIEWER源码_注释过的\YUVVIEWER源码\DEBUG\YUVVIEWER.PCH
E:\WYNN\BAIDUYUN\百度云同步盘\实验室电脑\陈鑫\CX材料\YUVVIEWER源码_注释过的\YUVVIEWER源码\DEBUG\STDAFX.SBR
E:\WYNN\BAIDUYUN\百度云同步盘\实验室电脑\陈鑫\CX材料\YUVVIEWER源码_注释过的\YUVVIEWER源码\DEBUG\STDAFX.OBJ
E:\WYNN\BAIDUYUN\百度云同步盘\实验室电脑\陈鑫\CX材料\YUVVIEWER源码_注释过的\YUVVIEWER源码\DEBUG\VC110.PDB
E:\WYNN\BAIDUYUN\百度云同步盘\实验室电脑\陈鑫\CX材料\YUVVIEWER源码_注释过的\YUVVIEWER源码\DEBUG\YUVVIEWERDLG.SBR
E:\WYNN\BAIDUYUN\百度云同步盘\实验室电脑\陈鑫\CX材料\YUVVIEWER源码_注释过的\YUVVIEWER源码\DEBUG\YUVVIEWER.SBR
E:\WYNN\BAIDUYUN\百度云同步盘\实验室电脑\陈鑫\CX材料\YUVVIEWER源码_注释过的\YUVVIEWER源码\DEBUG\CHILDWINDOW.SBR
E:\WYNN\BAIDUYUN\百度云同步盘\实验室电脑\陈鑫\CX材料\YUVVIEWER源码_注释过的\YUVVIEWER源码\DEBUG\CHILDWINDOW.OBJ
E:\WYNN\BAIDUYUN\百度云同步盘\实验室电脑\陈鑫\CX材料\YUVVIEWER源码_注释过的\YUVVIEWER源码\DEBUG\YUVVIEWER.OBJ
E:\WYNN\BAIDUYUN\百度云同步盘\实验室电脑\陈鑫\CX材料\YUVVIEWER源码_注释过的\YUVVIEWER源码\DEBUG\YUVVIEWERDLG.OBJ
E:\WYNN\BAIDUYUN\百度云同步盘\实验室电脑\陈鑫\CX材料\YUVVIEWER源码_注释过的\YUVVIEWER源码\DEBUG\YUVVIEWER.RES
E:\wynn\BAIDUYUN\百度云同步盘\实验室电脑\陈鑫\cx材料\YUVviewer源码_注释过的\YUVviewer源码\Debug\ChildWindow.obj
E:\wynn\BAIDUYUN\百度云同步盘\实验室电脑\陈鑫\cx材料\YUVviewer源码_注释过的\YUVviewer源码\Debug\StdAfx.obj
E:\wynn\BAIDUYUN\百度云同步盘\实验室电脑\陈鑫\cx材料\YUVviewer源码_注释过的\YUVviewer源码\Debug\YUVviewer.obj
E:\wynn\BAIDUYUN\百度云同步盘\实验室电脑\陈鑫\cx材料\YUVviewer源码_注释过的\YUVviewer源码\Debug\YUVviewerDlg.obj
E:\wynn\BAIDUYUN\百度云同步盘\实验室电脑\陈鑫\cx材料\YUVviewer源码_注释过的\YUVviewer源码\Debug\cl.command.1.tlog
E:\wynn\BAIDUYUN\百度云同步盘\实验室电脑\陈鑫\cx材料\YUVviewer源码_注释过的\YUVviewer源码\Debug\CL.read.1.tlog
E:\wynn\BAIDUYUN\百度云同步盘\实验室电脑\陈鑫\cx材料\YUVviewer源码_注释过的\YUVviewer源码\Debug\CL.write.1.tlog
E:\wynn\BAIDUYUN\百度云同步盘\实验室电脑\陈鑫\cx材料\YUVviewer源码_注释过的\YUVviewer源码\Debug\link.command.1.tlog
E:\wynn\BAIDUYUN\百度云同步盘\实验室电脑\陈鑫\cx材料\YUVviewer源码_注释过的\YUVviewer源码\Debug\link.read.1.tlog
E:\wynn\BAIDUYUN\百度云同步盘\实验室电脑\陈鑫\cx材料\YUVviewer源码_注释过的\YUVviewer源码\Debug\link.write.1.tlog
E:\wynn\BAIDUYUN\百度云同步盘\实验室电脑\陈鑫\cx材料\YUVviewer源码_注释过的\YUVviewer源码\Debug\rc.command.1.tlog
E:\wynn\BAIDUYUN\百度云同步盘\实验室电脑\陈鑫\cx材料\YUVviewer源码_注释过的\YUVviewer源码\Debug\rc.read.1.tlog
E:\wynn\BAIDUYUN\百度云同步盘\实验室电脑\陈鑫\cx材料\YUVviewer源码_注释过的\YUVviewer源码\Debug\rc.write.1.tlog
E:\wynn\BAIDUYUN\百度云同步盘\实验室电脑\陈鑫\cx材料\YUVviewer源码_注释过的\YUVviewer源码\Debug\YUVviewer.res
E:\wynn\BAIDUYUN\百度云同步盘\实验室电脑\陈鑫\cx材料\YUVviewer源码_注释过的\YUVviewer源码\Debug\YUVviewer.pch
E:\wynn\BAIDUYUN\百度云同步盘\实验室电脑\陈鑫\cx材料\YUVviewer源码_注释过的\YUVviewer源码\Debug\vc110.idb
E:\wynn\BAIDUYUN\百度云同步盘\实验室电脑\陈鑫\cx材料\YUVviewer源码_注释过的\YUVviewer源码\Debug\vc110.pdb
E:\wynn\BAIDUYUN\百度云同步盘\实验室电脑\陈鑫\cx材料\YUVviewer源码_注释过的\YUVviewer源码\Debug\ChildWindow.sbr
E:\wynn\BAIDUYUN\百度云同步盘\实验室电脑\陈鑫\cx材料\YUVviewer源码_注释过的\YUVviewer源码\Debug\StdAfx.sbr
E:\wynn\BAIDUYUN\百度云同步盘\实验室电脑\陈鑫\cx材料\YUVviewer源码_注释过的\YUVviewer源码\Debug\YUVviewer.sbr
E:\wynn\BAIDUYUN\百度云同步盘\实验室电脑\陈鑫\cx材料\YUVviewer源码_注释过的\YUVviewer源码\Debug\YUVviewerDlg.sbr
